<?xml version="1.0" encoding="UTF-8"?>
<!-- Generated by org.testng.reporters.JUnitXMLReporter -->
<testsuite hostname="DESKTOP-84926QS" name="Surefire test" tests="3" failures="0" timestamp="30 May 2018 02:31:13 GMT" time="1.586" errors="0">
  <testcase name="testFindUserByUserName" time="0.34" classname="com.smart.service.UserServiceTest"/>
  <testcase name="testHasMatchUser" time="0.34" classname="com.smart.service.UserServiceTest"/>
  <testcase name="testLoginSuccess" time="0.479" classname="com.smart.service.UserServiceTest"/>
</testsuite> <!-- Surefire test -->
